2021-02-22 04:30:01,011 INFO 8627 [Timer] /Volumes/文件盘/documentBak/idea/me/egg-example/node_modules/egg-multipart/app/schedule/clean_tmpdir.js next time will execute after 86398996ms at 2021-02-23 04:30:00.007
2021-02-22 04:30:01,018 INFO 8800 [Job#16139394010024059549868602151] /Volumes/文件盘/documentBak/idea/me/egg-example/node_modules/egg-multipart/app/schedule/clean_tmpdir.js executing by app
2021-02-22 04:30:01,064 INFO 8800 [Job#16139394010024059549868602151] /Volumes/文件盘/documentBak/idea/me/egg-example/node_modules/egg-multipart/app/schedule/clean_tmpdir.js execute succeed, used 42ms. 
2021-02-25 11:19:50,197 INFO 48463 [Timer] /Volumes/文件盘/documentBak/idea/me/egg-example/node_modules/egg-multipart/app/schedule/clean_tmpdir.js next time will execute after 61809805ms at 2021-02-26 04:30:00.002
2021-02-25 11:19:50,198 INFO 48463 [Timer] /Volumes/文件盘/documentBak/idea/me/egg-example/node_modules/egg-logrotator/app/schedule/clean_log.js next time will execute after 45609802ms at 2021-02-26 00:00:00.000
2021-02-25 11:19:50,198 INFO 48463 [Timer] /Volumes/文件盘/documentBak/idea/me/egg-example/node_modules/egg-logrotator/app/schedule/rotate_by_file.js next time will execute after 45610802ms at 2021-02-26 00:00:01.000
2021-02-25 11:19:50,056 INFO 48468 [egg-schedule]: register schedule /Volumes/文件盘/documentBak/idea/me/egg-example/node_modules/egg-multipart/app/schedule/clean_tmpdir.js
2021-02-25 11:19:50,056 INFO 48468 [egg-schedule]: register schedule /Volumes/文件盘/documentBak/idea/me/egg-example/node_modules/egg-logrotator/app/schedule/clean_log.js
2021-02-25 11:19:50,056 INFO 48468 [egg-schedule]: register schedule /Volumes/文件盘/documentBak/idea/me/egg-example/node_modules/egg-logrotator/app/schedule/rotate_by_file.js
2021-02-25 14:00:30,087 INFO 54380 [egg-schedule]: register schedule /Volumes/文件盘/documentBak/idea/me/egg-example/node_modules/egg-multipart/app/schedule/clean_tmpdir.js
2021-02-25 14:00:30,087 INFO 54380 [egg-schedule]: register schedule /Volumes/文件盘/documentBak/idea/me/egg-example/node_modules/egg-logrotator/app/schedule/clean_log.js
2021-02-25 14:00:30,087 INFO 54380 [egg-schedule]: register schedule /Volumes/文件盘/documentBak/idea/me/egg-example/node_modules/egg-logrotator/app/schedule/rotate_by_file.js
2021-02-25 14:22:55,532 INFO 55221 [egg-schedule]: register schedule /Volumes/文件盘/documentBak/idea/me/egg-example/node_modules/egg-multipart/app/schedule/clean_tmpdir.js
2021-02-25 14:22:55,532 INFO 55221 [egg-schedule]: register schedule /Volumes/文件盘/documentBak/idea/me/egg-example/node_modules/egg-logrotator/app/schedule/clean_log.js
2021-02-25 14:22:55,532 INFO 55221 [egg-schedule]: register schedule /Volumes/文件盘/documentBak/idea/me/egg-example/node_modules/egg-logrotator/app/schedule/rotate_by_file.js
2021-02-25 14:23:36,514 INFO 55264 [egg-schedule]: register schedule /Volumes/文件盘/documentBak/idea/me/egg-example/node_modules/egg-multipart/app/schedule/clean_tmpdir.js
2021-02-25 14:23:36,514 INFO 55264 [egg-schedule]: register schedule /Volumes/文件盘/documentBak/idea/me/egg-example/node_modules/egg-logrotator/app/schedule/clean_log.js
2021-02-25 14:23:36,514 INFO 55264 [egg-schedule]: register schedule /Volumes/文件盘/documentBak/idea/me/egg-example/node_modules/egg-logrotator/app/schedule/rotate_by_file.js
2021-02-25 14:36:18,170 INFO 55802 [egg-schedule]: register schedule /Volumes/文件盘/documentBak/idea/me/egg-example/node_modules/egg-multipart/app/schedule/clean_tmpdir.js
2021-02-25 14:36:18,170 INFO 55802 [egg-schedule]: register schedule /Volumes/文件盘/documentBak/idea/me/egg-example/node_modules/egg-logrotator/app/schedule/clean_log.js
2021-02-25 14:36:18,170 INFO 55802 [egg-schedule]: register schedule /Volumes/文件盘/documentBak/idea/me/egg-example/node_modules/egg-logrotator/app/schedule/rotate_by_file.js
2021-02-25 14:36:45,481 INFO 55857 [egg-schedule]: register schedule /Volumes/文件盘/documentBak/idea/me/egg-example/node_modules/egg-multipart/app/schedule/clean_tmpdir.js
2021-02-25 14:36:45,481 INFO 55857 [egg-schedule]: register schedule /Volumes/文件盘/documentBak/idea/me/egg-example/node_modules/egg-logrotator/app/schedule/clean_log.js
2021-02-25 14:36:45,482 INFO 55857 [egg-schedule]: register schedule /Volumes/文件盘/documentBak/idea/me/egg-example/node_modules/egg-logrotator/app/schedule/rotate_by_file.js
2021-02-25 14:36:57,513 INFO 55877 [egg-schedule]: register schedule /Volumes/文件盘/documentBak/idea/me/egg-example/node_modules/egg-multipart/app/schedule/clean_tmpdir.js
2021-02-25 14:36:57,513 INFO 55877 [egg-schedule]: register schedule /Volumes/文件盘/documentBak/idea/me/egg-example/node_modules/egg-logrotator/app/schedule/clean_log.js
2021-02-25 14:36:57,513 INFO 55877 [egg-schedule]: register schedule /Volumes/文件盘/documentBak/idea/me/egg-example/node_modules/egg-logrotator/app/schedule/rotate_by_file.js
2021-02-25 14:37:06,497 INFO 55891 [egg-schedule]: register schedule /Volumes/文件盘/documentBak/idea/me/egg-example/node_modules/egg-multipart/app/schedule/clean_tmpdir.js
2021-02-25 14:37:06,497 INFO 55891 [egg-schedule]: register schedule /Volumes/文件盘/documentBak/idea/me/egg-example/node_modules/egg-logrotator/app/schedule/clean_log.js
2021-02-25 14:37:06,497 INFO 55891 [egg-schedule]: register schedule /Volumes/文件盘/documentBak/idea/me/egg-example/node_modules/egg-logrotator/app/schedule/rotate_by_file.js
2021-02-25 15:32:57,475 INFO 59284 [egg-schedule]: register schedule /Volumes/文件盘/documentBak/idea/me/egg-example/node_modules/egg-multipart/app/schedule/clean_tmpdir.js
2021-02-25 15:32:57,475 INFO 59284 [egg-schedule]: register schedule /Volumes/文件盘/documentBak/idea/me/egg-example/node_modules/egg-logrotator/app/schedule/clean_log.js
2021-02-25 15:32:57,475 INFO 59284 [egg-schedule]: register schedule /Volumes/文件盘/documentBak/idea/me/egg-example/node_modules/egg-logrotator/app/schedule/rotate_by_file.js
2021-02-25 15:42:49,487 INFO 59995 [egg-schedule]: register schedule /Volumes/文件盘/documentBak/idea/me/egg-example/node_modules/egg-multipart/app/schedule/clean_tmpdir.js
2021-02-25 15:42:49,487 INFO 59995 [egg-schedule]: register schedule /Volumes/文件盘/documentBak/idea/me/egg-example/node_modules/egg-logrotator/app/schedule/clean_log.js
2021-02-25 15:42:49,487 INFO 59995 [egg-schedule]: register schedule /Volumes/文件盘/documentBak/idea/me/egg-example/node_modules/egg-logrotator/app/schedule/rotate_by_file.js
2021-02-25 15:42:57,431 INFO 60020 [egg-schedule]: register schedule /Volumes/文件盘/documentBak/idea/me/egg-example/node_modules/egg-multipart/app/schedule/clean_tmpdir.js
2021-02-25 15:42:57,431 INFO 60020 [egg-schedule]: register schedule /Volumes/文件盘/documentBak/idea/me/egg-example/node_modules/egg-logrotator/app/schedule/clean_log.js
2021-02-25 15:42:57,431 INFO 60020 [egg-schedule]: register schedule /Volumes/文件盘/documentBak/idea/me/egg-example/node_modules/egg-logrotator/app/schedule/rotate_by_file.js
2021-02-25 15:43:21,476 INFO 60050 [egg-schedule]: register schedule /Volumes/文件盘/documentBak/idea/me/egg-example/node_modules/egg-multipart/app/schedule/clean_tmpdir.js
2021-02-25 15:43:21,476 INFO 60050 [egg-schedule]: register schedule /Volumes/文件盘/documentBak/idea/me/egg-example/node_modules/egg-logrotator/app/schedule/clean_log.js
2021-02-25 15:43:21,476 INFO 60050 [egg-schedule]: register schedule /Volumes/文件盘/documentBak/idea/me/egg-example/node_modules/egg-logrotator/app/schedule/rotate_by_file.js
2021-02-25 15:43:23,612 INFO 60057 [egg-schedule]: register schedule /Volumes/文件盘/documentBak/idea/me/egg-example/node_modules/egg-multipart/app/schedule/clean_tmpdir.js
2021-02-25 15:43:23,612 INFO 60057 [egg-schedule]: register schedule /Volumes/文件盘/documentBak/idea/me/egg-example/node_modules/egg-logrotator/app/schedule/clean_log.js
2021-02-25 15:43:23,612 INFO 60057 [egg-schedule]: register schedule /Volumes/文件盘/documentBak/idea/me/egg-example/node_modules/egg-logrotator/app/schedule/rotate_by_file.js
2021-02-25 15:43:25,907 INFO 60062 [egg-schedule]: register schedule /Volumes/文件盘/documentBak/idea/me/egg-example/node_modules/egg-multipart/app/schedule/clean_tmpdir.js
2021-02-25 15:43:25,907 INFO 60062 [egg-schedule]: register schedule /Volumes/文件盘/documentBak/idea/me/egg-example/node_modules/egg-logrotator/app/schedule/clean_log.js
2021-02-25 15:43:25,907 INFO 60062 [egg-schedule]: register schedule /Volumes/文件盘/documentBak/idea/me/egg-example/node_modules/egg-logrotator/app/schedule/rotate_by_file.js
2021-02-25 15:45:01,811 INFO 60177 [egg-schedule]: register schedule /Volumes/文件盘/documentBak/idea/me/egg-example/node_modules/egg-multipart/app/schedule/clean_tmpdir.js
2021-02-25 15:45:01,811 INFO 60177 [egg-schedule]: register schedule /Volumes/文件盘/documentBak/idea/me/egg-example/node_modules/egg-logrotator/app/schedule/clean_log.js
2021-02-25 15:45:01,811 INFO 60177 [egg-schedule]: register schedule /Volumes/文件盘/documentBak/idea/me/egg-example/node_modules/egg-logrotator/app/schedule/rotate_by_file.js
2021-02-25 15:45:44,104 INFO 60260 [egg-schedule]: register schedule /Volumes/文件盘/documentBak/idea/me/egg-example/node_modules/egg-multipart/app/schedule/clean_tmpdir.js
2021-02-25 15:45:44,104 INFO 60260 [egg-schedule]: register schedule /Volumes/文件盘/documentBak/idea/me/egg-example/node_modules/egg-logrotator/app/schedule/clean_log.js
2021-02-25 15:45:44,104 INFO 60260 [egg-schedule]: register schedule /Volumes/文件盘/documentBak/idea/me/egg-example/node_modules/egg-logrotator/app/schedule/rotate_by_file.js
2021-02-25 15:46:35,085 INFO 60333 [egg-schedule]: register schedule /Volumes/文件盘/documentBak/idea/me/egg-example/node_modules/egg-multipart/app/schedule/clean_tmpdir.js
2021-02-25 15:46:35,086 INFO 60333 [egg-schedule]: register schedule /Volumes/文件盘/documentBak/idea/me/egg-example/node_modules/egg-logrotator/app/schedule/clean_log.js
2021-02-25 15:46:35,086 INFO 60333 [egg-schedule]: register schedule /Volumes/文件盘/documentBak/idea/me/egg-example/node_modules/egg-logrotator/app/schedule/rotate_by_file.js
2021-02-25 15:47:17,373 INFO 60395 [egg-schedule]: register schedule /Volumes/文件盘/documentBak/idea/me/egg-example/node_modules/egg-multipart/app/schedule/clean_tmpdir.js
2021-02-25 15:47:17,373 INFO 60395 [egg-schedule]: register schedule /Volumes/文件盘/documentBak/idea/me/egg-example/node_modules/egg-logrotator/app/schedule/clean_log.js
2021-02-25 15:47:17,373 INFO 60395 [egg-schedule]: register schedule /Volumes/文件盘/documentBak/idea/me/egg-example/node_modules/egg-logrotator/app/schedule/rotate_by_file.js
2021-02-25 15:47:18,850 INFO 60406 [egg-schedule]: register schedule /Volumes/文件盘/documentBak/idea/me/egg-example/node_modules/egg-multipart/app/schedule/clean_tmpdir.js
2021-02-25 15:47:18,850 INFO 60406 [egg-schedule]: register schedule /Volumes/文件盘/documentBak/idea/me/egg-example/node_modules/egg-logrotator/app/schedule/clean_log.js
2021-02-25 15:47:18,850 INFO 60406 [egg-schedule]: register schedule /Volumes/文件盘/documentBak/idea/me/egg-example/node_modules/egg-logrotator/app/schedule/rotate_by_file.js
2021-02-25 15:48:10,981 INFO 60473 [egg-schedule]: register schedule /Volumes/文件盘/documentBak/idea/me/egg-example/node_modules/egg-multipart/app/schedule/clean_tmpdir.js
2021-02-25 15:48:10,981 INFO 60473 [egg-schedule]: register schedule /Volumes/文件盘/documentBak/idea/me/egg-example/node_modules/egg-logrotator/app/schedule/clean_log.js
2021-02-25 15:48:10,981 INFO 60473 [egg-schedule]: register schedule /Volumes/文件盘/documentBak/idea/me/egg-example/node_modules/egg-logrotator/app/schedule/rotate_by_file.js
2021-02-25 15:48:31,285 INFO 60498 [egg-schedule]: register schedule /Volumes/文件盘/documentBak/idea/me/egg-example/node_modules/egg-multipart/app/schedule/clean_tmpdir.js
2021-02-25 15:48:31,285 INFO 60498 [egg-schedule]: register schedule /Volumes/文件盘/documentBak/idea/me/egg-example/node_modules/egg-logrotator/app/schedule/clean_log.js
2021-02-25 15:48:31,285 INFO 60498 [egg-schedule]: register schedule /Volumes/文件盘/documentBak/idea/me/egg-example/node_modules/egg-logrotator/app/schedule/rotate_by_file.js
2021-02-25 15:53:43,794 INFO 60715 [egg-schedule]: register schedule /Volumes/文件盘/documentBak/idea/me/egg-example/node_modules/egg-multipart/app/schedule/clean_tmpdir.js
2021-02-25 15:53:43,794 INFO 60715 [egg-schedule]: register schedule /Volumes/文件盘/documentBak/idea/me/egg-example/node_modules/egg-logrotator/app/schedule/clean_log.js
2021-02-25 15:53:43,794 INFO 60715 [egg-schedule]: register schedule /Volumes/文件盘/documentBak/idea/me/egg-example/node_modules/egg-logrotator/app/schedule/rotate_by_file.js
2021-02-25 15:54:12,044 INFO 60769 [egg-schedule]: register schedule /Volumes/文件盘/documentBak/idea/me/egg-example/node_modules/egg-multipart/app/schedule/clean_tmpdir.js
2021-02-25 15:54:12,044 INFO 60769 [egg-schedule]: register schedule /Volumes/文件盘/documentBak/idea/me/egg-example/node_modules/egg-logrotator/app/schedule/clean_log.js
2021-02-25 15:54:12,044 INFO 60769 [egg-schedule]: register schedule /Volumes/文件盘/documentBak/idea/me/egg-example/node_modules/egg-logrotator/app/schedule/rotate_by_file.js
2021-02-25 15:55:37,033 INFO 60876 [egg-schedule]: register schedule /Volumes/文件盘/documentBak/idea/me/egg-example/node_modules/egg-multipart/app/schedule/clean_tmpdir.js
2021-02-25 15:55:37,033 INFO 60876 [egg-schedule]: register schedule /Volumes/文件盘/documentBak/idea/me/egg-example/node_modules/egg-logrotator/app/schedule/clean_log.js
2021-02-25 15:55:37,033 INFO 60876 [egg-schedule]: register schedule /Volumes/文件盘/documentBak/idea/me/egg-example/node_modules/egg-logrotator/app/schedule/rotate_by_file.js
2021-02-25 15:58:38,124 INFO 61176 [egg-schedule]: register schedule /Volumes/文件盘/documentBak/idea/me/egg-example/node_modules/egg-multipart/app/schedule/clean_tmpdir.js
2021-02-25 15:58:38,124 INFO 61176 [egg-schedule]: register schedule /Volumes/文件盘/documentBak/idea/me/egg-example/node_modules/egg-logrotator/app/schedule/clean_log.js
2021-02-25 15:58:38,124 INFO 61176 [egg-schedule]: register schedule /Volumes/文件盘/documentBak/idea/me/egg-example/node_modules/egg-logrotator/app/schedule/rotate_by_file.js
2021-02-25 15:58:58,711 INFO 61220 [egg-schedule]: register schedule /Volumes/文件盘/documentBak/idea/me/egg-example/node_modules/egg-multipart/app/schedule/clean_tmpdir.js
2021-02-25 15:58:58,711 INFO 61220 [egg-schedule]: register schedule /Volumes/文件盘/documentBak/idea/me/egg-example/node_modules/egg-logrotator/app/schedule/clean_log.js
2021-02-25 15:58:58,711 INFO 61220 [egg-schedule]: register schedule /Volumes/文件盘/documentBak/idea/me/egg-example/node_modules/egg-logrotator/app/schedule/rotate_by_file.js
2021-02-25 15:59:06,794 INFO 61247 [egg-schedule]: register schedule /Volumes/文件盘/documentBak/idea/me/egg-example/node_modules/egg-multipart/app/schedule/clean_tmpdir.js
2021-02-25 15:59:06,794 INFO 61247 [egg-schedule]: register schedule /Volumes/文件盘/documentBak/idea/me/egg-example/node_modules/egg-logrotator/app/schedule/clean_log.js
2021-02-25 15:59:06,794 INFO 61247 [egg-schedule]: register schedule /Volumes/文件盘/documentBak/idea/me/egg-example/node_modules/egg-logrotator/app/schedule/rotate_by_file.js
2021-02-25 15:59:31,701 INFO 61268 [egg-schedule]: register schedule /Volumes/文件盘/documentBak/idea/me/egg-example/node_modules/egg-multipart/app/schedule/clean_tmpdir.js
2021-02-25 15:59:31,701 INFO 61268 [egg-schedule]: register schedule /Volumes/文件盘/documentBak/idea/me/egg-example/node_modules/egg-logrotator/app/schedule/clean_log.js
2021-02-25 15:59:31,701 INFO 61268 [egg-schedule]: register schedule /Volumes/文件盘/documentBak/idea/me/egg-example/node_modules/egg-logrotator/app/schedule/rotate_by_file.js
2021-02-25 15:59:54,005 INFO 61306 [egg-schedule]: register schedule /Volumes/文件盘/documentBak/idea/me/egg-example/node_modules/egg-multipart/app/schedule/clean_tmpdir.js
2021-02-25 15:59:54,005 INFO 61306 [egg-schedule]: register schedule /Volumes/文件盘/documentBak/idea/me/egg-example/node_modules/egg-logrotator/app/schedule/clean_log.js
2021-02-25 15:59:54,005 INFO 61306 [egg-schedule]: register schedule /Volumes/文件盘/documentBak/idea/me/egg-example/node_modules/egg-logrotator/app/schedule/rotate_by_file.js
2021-02-25 15:59:57,255 INFO 61318 [egg-schedule]: register schedule /Volumes/文件盘/documentBak/idea/me/egg-example/node_modules/egg-multipart/app/schedule/clean_tmpdir.js
2021-02-25 15:59:57,255 INFO 61318 [egg-schedule]: register schedule /Volumes/文件盘/documentBak/idea/me/egg-example/node_modules/egg-logrotator/app/schedule/clean_log.js
2021-02-25 15:59:57,255 INFO 61318 [egg-schedule]: register schedule /Volumes/文件盘/documentBak/idea/me/egg-example/node_modules/egg-logrotator/app/schedule/rotate_by_file.js
2021-02-25 16:01:00,785 INFO 61393 [egg-schedule]: register schedule /Volumes/文件盘/documentBak/idea/me/egg-example/node_modules/egg-multipart/app/schedule/clean_tmpdir.js
2021-02-25 16:01:00,785 INFO 61393 [egg-schedule]: register schedule /Volumes/文件盘/documentBak/idea/me/egg-example/node_modules/egg-logrotator/app/schedule/clean_log.js
2021-02-25 16:01:00,785 INFO 61393 [egg-schedule]: register schedule /Volumes/文件盘/documentBak/idea/me/egg-example/node_modules/egg-logrotator/app/schedule/rotate_by_file.js
2021-02-25 16:01:27,444 INFO 61437 [egg-schedule]: register schedule /Volumes/文件盘/documentBak/idea/me/egg-example/node_modules/egg-multipart/app/schedule/clean_tmpdir.js
2021-02-25 16:01:27,444 INFO 61437 [egg-schedule]: register schedule /Volumes/文件盘/documentBak/idea/me/egg-example/node_modules/egg-logrotator/app/schedule/clean_log.js
2021-02-25 16:01:27,444 INFO 61437 [egg-schedule]: register schedule /Volumes/文件盘/documentBak/idea/me/egg-example/node_modules/egg-logrotator/app/schedule/rotate_by_file.js
2021-02-25 16:02:19,439 INFO 61524 [egg-schedule]: register schedule /Volumes/文件盘/documentBak/idea/me/egg-example/node_modules/egg-multipart/app/schedule/clean_tmpdir.js
2021-02-25 16:02:19,439 INFO 61524 [egg-schedule]: register schedule /Volumes/文件盘/documentBak/idea/me/egg-example/node_modules/egg-logrotator/app/schedule/clean_log.js
2021-02-25 16:02:19,439 INFO 61524 [egg-schedule]: register schedule /Volumes/文件盘/documentBak/idea/me/egg-example/node_modules/egg-logrotator/app/schedule/rotate_by_file.js
2021-02-25 16:03:54,692 INFO 61679 [egg-schedule]: register schedule /Volumes/文件盘/documentBak/idea/me/egg-example/node_modules/egg-multipart/app/schedule/clean_tmpdir.js
2021-02-25 16:03:54,692 INFO 61679 [egg-schedule]: register schedule /Volumes/文件盘/documentBak/idea/me/egg-example/node_modules/egg-logrotator/app/schedule/clean_log.js
2021-02-25 16:03:54,692 INFO 61679 [egg-schedule]: register schedule /Volumes/文件盘/documentBak/idea/me/egg-example/node_modules/egg-logrotator/app/schedule/rotate_by_file.js
2021-02-25 16:04:05,510 INFO 61697 [egg-schedule]: register schedule /Volumes/文件盘/documentBak/idea/me/egg-example/node_modules/egg-multipart/app/schedule/clean_tmpdir.js
2021-02-25 16:04:05,511 INFO 61697 [egg-schedule]: register schedule /Volumes/文件盘/documentBak/idea/me/egg-example/node_modules/egg-logrotator/app/schedule/clean_log.js
2021-02-25 16:04:05,511 INFO 61697 [egg-schedule]: register schedule /Volumes/文件盘/documentBak/idea/me/egg-example/node_modules/egg-logrotator/app/schedule/rotate_by_file.js
2021-02-25 16:04:23,495 INFO 61720 [egg-schedule]: register schedule /Volumes/文件盘/documentBak/idea/me/egg-example/node_modules/egg-multipart/app/schedule/clean_tmpdir.js
2021-02-25 16:04:23,495 INFO 61720 [egg-schedule]: register schedule /Volumes/文件盘/documentBak/idea/me/egg-example/node_modules/egg-logrotator/app/schedule/clean_log.js
2021-02-25 16:04:23,495 INFO 61720 [egg-schedule]: register schedule /Volumes/文件盘/documentBak/idea/me/egg-example/node_modules/egg-logrotator/app/schedule/rotate_by_file.js
2021-02-25 16:05:25,644 INFO 61790 [egg-schedule]: register schedule /Volumes/文件盘/documentBak/idea/me/egg-example/node_modules/egg-multipart/app/schedule/clean_tmpdir.js
2021-02-25 16:05:25,644 INFO 61790 [egg-schedule]: register schedule /Volumes/文件盘/documentBak/idea/me/egg-example/node_modules/egg-logrotator/app/schedule/clean_log.js
2021-02-25 16:05:25,644 INFO 61790 [egg-schedule]: register schedule /Volumes/文件盘/documentBak/idea/me/egg-example/node_modules/egg-logrotator/app/schedule/rotate_by_file.js
2021-02-25 16:34:41,249 INFO 63822 [egg-schedule]: register schedule /Volumes/文件盘/documentBak/idea/me/egg-example/node_modules/egg-multipart/app/schedule/clean_tmpdir.js
2021-02-25 16:34:41,249 INFO 63822 [egg-schedule]: register schedule /Volumes/文件盘/documentBak/idea/me/egg-example/node_modules/egg-logrotator/app/schedule/clean_log.js
2021-02-25 16:34:41,249 INFO 63822 [egg-schedule]: register schedule /Volumes/文件盘/documentBak/idea/me/egg-example/node_modules/egg-logrotator/app/schedule/rotate_by_file.js
2021-02-25 16:34:44,863 INFO 63834 [egg-schedule]: register schedule /Volumes/文件盘/documentBak/idea/me/egg-example/node_modules/egg-multipart/app/schedule/clean_tmpdir.js
2021-02-25 16:34:44,863 INFO 63834 [egg-schedule]: register schedule /Volumes/文件盘/documentBak/idea/me/egg-example/node_modules/egg-logrotator/app/schedule/clean_log.js
2021-02-25 16:34:44,863 INFO 63834 [egg-schedule]: register schedule /Volumes/文件盘/documentBak/idea/me/egg-example/node_modules/egg-logrotator/app/schedule/rotate_by_file.js
2021-02-25 16:42:54,828 INFO 64363 [egg-schedule]: register schedule /Volumes/文件盘/documentBak/idea/me/egg-example/node_modules/egg-multipart/app/schedule/clean_tmpdir.js
2021-02-25 16:42:54,828 INFO 64363 [egg-schedule]: register schedule /Volumes/文件盘/documentBak/idea/me/egg-example/node_modules/egg-logrotator/app/schedule/clean_log.js
2021-02-25 16:42:54,828 INFO 64363 [egg-schedule]: register schedule /Volumes/文件盘/documentBak/idea/me/egg-example/node_modules/egg-logrotator/app/schedule/rotate_by_file.js
2021-02-25 16:43:16,968 INFO 64399 [egg-schedule]: register schedule /Volumes/文件盘/documentBak/idea/me/egg-example/node_modules/egg-multipart/app/schedule/clean_tmpdir.js
2021-02-25 16:43:16,968 INFO 64399 [egg-schedule]: register schedule /Volumes/文件盘/documentBak/idea/me/egg-example/node_modules/egg-logrotator/app/schedule/clean_log.js
2021-02-25 16:43:16,968 INFO 64399 [egg-schedule]: register schedule /Volumes/文件盘/documentBak/idea/me/egg-example/node_modules/egg-logrotator/app/schedule/rotate_by_file.js
2021-02-25 16:45:13,229 INFO 64501 [egg-schedule]: register schedule /Volumes/文件盘/documentBak/idea/me/egg-example/node_modules/egg-multipart/app/schedule/clean_tmpdir.js
2021-02-25 16:45:13,229 INFO 64501 [egg-schedule]: register schedule /Volumes/文件盘/documentBak/idea/me/egg-example/node_modules/egg-logrotator/app/schedule/clean_log.js
2021-02-25 16:45:13,229 INFO 64501 [egg-schedule]: register schedule /Volumes/文件盘/documentBak/idea/me/egg-example/node_modules/egg-logrotator/app/schedule/rotate_by_file.js
2021-02-25 16:45:15,687 INFO 64511 [egg-schedule]: register schedule /Volumes/文件盘/documentBak/idea/me/egg-example/node_modules/egg-multipart/app/schedule/clean_tmpdir.js
2021-02-25 16:45:15,687 INFO 64511 [egg-schedule]: register schedule /Volumes/文件盘/documentBak/idea/me/egg-example/node_modules/egg-logrotator/app/schedule/clean_log.js
2021-02-25 16:45:15,687 INFO 64511 [egg-schedule]: register schedule /Volumes/文件盘/documentBak/idea/me/egg-example/node_modules/egg-logrotator/app/schedule/rotate_by_file.js
2021-02-25 16:46:04,518 INFO 64603 [egg-schedule]: register schedule /Volumes/文件盘/documentBak/idea/me/egg-example/node_modules/egg-multipart/app/schedule/clean_tmpdir.js
2021-02-25 16:46:04,518 INFO 64603 [egg-schedule]: register schedule /Volumes/文件盘/documentBak/idea/me/egg-example/node_modules/egg-logrotator/app/schedule/clean_log.js
2021-02-25 16:46:04,518 INFO 64603 [egg-schedule]: register schedule /Volumes/文件盘/documentBak/idea/me/egg-example/node_modules/egg-logrotator/app/schedule/rotate_by_file.js
2021-02-25 16:50:12,517 INFO 64824 [egg-schedule]: register schedule /Volumes/文件盘/documentBak/idea/me/egg-example/node_modules/egg-multipart/app/schedule/clean_tmpdir.js
2021-02-25 16:50:12,517 INFO 64824 [egg-schedule]: register schedule /Volumes/文件盘/documentBak/idea/me/egg-example/node_modules/egg-logrotator/app/schedule/clean_log.js
2021-02-25 16:50:12,517 INFO 64824 [egg-schedule]: register schedule /Volumes/文件盘/documentBak/idea/me/egg-example/node_modules/egg-logrotator/app/schedule/rotate_by_file.js
2021-02-25 21:47:08,958 INFO 75051 [Timer] /Volumes/文件盘/documentBak/idea/me/egg-example/node_modules/egg-multipart/app/schedule/clean_tmpdir.js next time will execute after 24171045ms at 2021-02-26 04:30:00.003
2021-02-25 21:47:08,958 INFO 75051 [Timer] /Volumes/文件盘/documentBak/idea/me/egg-example/node_modules/egg-logrotator/app/schedule/clean_log.js next time will execute after 7971042ms at 2021-02-26 00:00:00.000
2021-02-25 21:47:08,958 INFO 75051 [Timer] /Volumes/文件盘/documentBak/idea/me/egg-example/node_modules/egg-logrotator/app/schedule/rotate_by_file.js next time will execute after 7972042ms at 2021-02-26 00:00:01.000
2021-02-25 21:47:08,824 INFO 75055 [egg-schedule]: register schedule /Volumes/文件盘/documentBak/idea/me/egg-example/node_modules/egg-multipart/app/schedule/clean_tmpdir.js
2021-02-25 21:47:08,824 INFO 75055 [egg-schedule]: register schedule /Volumes/文件盘/documentBak/idea/me/egg-example/node_modules/egg-logrotator/app/schedule/clean_log.js
2021-02-25 21:47:08,824 INFO 75055 [egg-schedule]: register schedule /Volumes/文件盘/documentBak/idea/me/egg-example/node_modules/egg-logrotator/app/schedule/rotate_by_file.js
2021-02-25 22:01:09,637 INFO 75896 [egg-schedule]: register schedule /Volumes/文件盘/documentBak/idea/me/egg-example/node_modules/egg-multipart/app/schedule/clean_tmpdir.js
2021-02-25 22:01:09,637 INFO 75896 [egg-schedule]: register schedule /Volumes/文件盘/documentBak/idea/me/egg-example/node_modules/egg-logrotator/app/schedule/clean_log.js
2021-02-25 22:01:09,637 INFO 75896 [egg-schedule]: register schedule /Volumes/文件盘/documentBak/idea/me/egg-example/node_modules/egg-logrotator/app/schedule/rotate_by_file.js
2021-02-25 22:01:41,768 INFO 75947 [egg-schedule]: register schedule /Volumes/文件盘/documentBak/idea/me/egg-example/node_modules/egg-multipart/app/schedule/clean_tmpdir.js
2021-02-25 22:01:41,768 INFO 75947 [egg-schedule]: register schedule /Volumes/文件盘/documentBak/idea/me/egg-example/node_modules/egg-logrotator/app/schedule/clean_log.js
2021-02-25 22:01:41,768 INFO 75947 [egg-schedule]: register schedule /Volumes/文件盘/documentBak/idea/me/egg-example/node_modules/egg-logrotator/app/schedule/rotate_by_file.js
2021-02-25 22:02:28,567 INFO 76028 [egg-schedule]: register schedule /Volumes/文件盘/documentBak/idea/me/egg-example/node_modules/egg-multipart/app/schedule/clean_tmpdir.js
2021-02-25 22:02:28,567 INFO 76028 [egg-schedule]: register schedule /Volumes/文件盘/documentBak/idea/me/egg-example/node_modules/egg-logrotator/app/schedule/clean_log.js
2021-02-25 22:02:28,567 INFO 76028 [egg-schedule]: register schedule /Volumes/文件盘/documentBak/idea/me/egg-example/node_modules/egg-logrotator/app/schedule/rotate_by_file.js
2021-02-25 22:02:44,951 INFO 76048 [egg-schedule]: register schedule /Volumes/文件盘/documentBak/idea/me/egg-example/node_modules/egg-multipart/app/schedule/clean_tmpdir.js
2021-02-25 22:02:44,951 INFO 76048 [egg-schedule]: register schedule /Volumes/文件盘/documentBak/idea/me/egg-example/node_modules/egg-logrotator/app/schedule/clean_log.js
2021-02-25 22:02:44,951 INFO 76048 [egg-schedule]: register schedule /Volumes/文件盘/documentBak/idea/me/egg-example/node_modules/egg-logrotator/app/schedule/rotate_by_file.js
2021-02-25 22:04:11,747 INFO 76189 [egg-schedule]: register schedule /Volumes/文件盘/documentBak/idea/me/egg-example/node_modules/egg-multipart/app/schedule/clean_tmpdir.js
2021-02-25 22:04:11,747 INFO 76189 [egg-schedule]: register schedule /Volumes/文件盘/documentBak/idea/me/egg-example/node_modules/egg-logrotator/app/schedule/clean_log.js
2021-02-25 22:04:11,747 INFO 76189 [egg-schedule]: register schedule /Volumes/文件盘/documentBak/idea/me/egg-example/node_modules/egg-logrotator/app/schedule/rotate_by_file.js
2021-02-25 22:04:44,872 INFO 76252 [egg-schedule]: register schedule /Volumes/文件盘/documentBak/idea/me/egg-example/node_modules/egg-multipart/app/schedule/clean_tmpdir.js
2021-02-25 22:04:44,872 INFO 76252 [egg-schedule]: register schedule /Volumes/文件盘/documentBak/idea/me/egg-example/node_modules/egg-logrotator/app/schedule/clean_log.js
2021-02-25 22:04:44,872 INFO 76252 [egg-schedule]: register schedule /Volumes/文件盘/documentBak/idea/me/egg-example/node_modules/egg-logrotator/app/schedule/rotate_by_file.js
2021-02-25 22:05:33,049 INFO 76306 [egg-schedule]: register schedule /Volumes/文件盘/documentBak/idea/me/egg-example/node_modules/egg-multipart/app/schedule/clean_tmpdir.js
2021-02-25 22:05:33,049 INFO 76306 [egg-schedule]: register schedule /Volumes/文件盘/documentBak/idea/me/egg-example/node_modules/egg-logrotator/app/schedule/clean_log.js
2021-02-25 22:05:33,049 INFO 76306 [egg-schedule]: register schedule /Volumes/文件盘/documentBak/idea/me/egg-example/node_modules/egg-logrotator/app/schedule/rotate_by_file.js
2021-02-25 22:17:28,491 INFO 77118 [Timer] /Volumes/文件盘/documentBak/idea/me/egg-example/node_modules/egg-multipart/app/schedule/clean_tmpdir.js next time will execute after 22351511ms at 2021-02-26 04:30:00.002
2021-02-25 22:17:28,491 INFO 77118 [Timer] /Volumes/文件盘/documentBak/idea/me/egg-example/node_modules/egg-logrotator/app/schedule/clean_log.js next time will execute after 6151509ms at 2021-02-26 00:00:00.000
2021-02-25 22:17:28,492 INFO 77118 [Timer] /Volumes/文件盘/documentBak/idea/me/egg-example/node_modules/egg-logrotator/app/schedule/rotate_by_file.js next time will execute after 6152509ms at 2021-02-26 00:00:01.001
2021-02-25 22:17:28,374 INFO 77119 [egg-schedule]: register schedule /Volumes/文件盘/documentBak/idea/me/egg-example/node_modules/egg-multipart/app/schedule/clean_tmpdir.js
2021-02-25 22:17:28,374 INFO 77119 [egg-schedule]: register schedule /Volumes/文件盘/documentBak/idea/me/egg-example/node_modules/egg-logrotator/app/schedule/clean_log.js
2021-02-25 22:17:28,374 INFO 77119 [egg-schedule]: register schedule /Volumes/文件盘/documentBak/idea/me/egg-example/node_modules/egg-logrotator/app/schedule/rotate_by_file.js
2021-02-25 22:24:26,740 INFO 77576 [Timer] /Volumes/文件盘/documentBak/idea/me/egg-example/node_modules/egg-multipart/app/schedule/clean_tmpdir.js next time will execute after 21933262ms at 2021-02-26 04:30:00.002
2021-02-25 22:24:26,740 INFO 77576 [Timer] /Volumes/文件盘/documentBak/idea/me/egg-example/node_modules/egg-logrotator/app/schedule/clean_log.js next time will execute after 5733260ms at 2021-02-26 00:00:00.000
2021-02-25 22:24:26,741 INFO 77576 [Timer] /Volumes/文件盘/documentBak/idea/me/egg-example/node_modules/egg-logrotator/app/schedule/rotate_by_file.js next time will execute after 5734260ms at 2021-02-26 00:00:01.001
2021-02-25 22:24:26,617 INFO 77579 [egg-schedule]: register schedule /Volumes/文件盘/documentBak/idea/me/egg-example/node_modules/egg-multipart/app/schedule/clean_tmpdir.js
2021-02-25 22:24:26,617 INFO 77579 [egg-schedule]: register schedule /Volumes/文件盘/documentBak/idea/me/egg-example/node_modules/egg-logrotator/app/schedule/clean_log.js
2021-02-25 22:24:26,617 INFO 77579 [egg-schedule]: register schedule /Volumes/文件盘/documentBak/idea/me/egg-example/node_modules/egg-logrotator/app/schedule/rotate_by_file.js
2021-02-25 22:26:04,016 INFO 77657 [Timer] /Volumes/文件盘/documentBak/idea/me/egg-example/node_modules/egg-multipart/app/schedule/clean_tmpdir.js next time will execute after 21835986ms at 2021-02-26 04:30:00.002
2021-02-25 22:26:04,017 INFO 77657 [Timer] /Volumes/文件盘/documentBak/idea/me/egg-example/node_modules/egg-logrotator/app/schedule/clean_log.js next time will execute after 5635984ms at 2021-02-26 00:00:00.000
2021-02-25 22:26:04,017 INFO 77657 [Timer] /Volumes/文件盘/documentBak/idea/me/egg-example/node_modules/egg-logrotator/app/schedule/rotate_by_file.js next time will execute after 5636983ms at 2021-02-26 00:00:01.000
2021-02-25 22:26:03,881 INFO 77659 [egg-schedule]: register schedule /Volumes/文件盘/documentBak/idea/me/egg-example/node_modules/egg-multipart/app/schedule/clean_tmpdir.js
2021-02-25 22:26:03,881 INFO 77659 [egg-schedule]: register schedule /Volumes/文件盘/documentBak/idea/me/egg-example/node_modules/egg-logrotator/app/schedule/clean_log.js
2021-02-25 22:26:03,881 INFO 77659 [egg-schedule]: register schedule /Volumes/文件盘/documentBak/idea/me/egg-example/node_modules/egg-logrotator/app/schedule/rotate_by_file.js
2021-02-25 22:27:22,031 INFO 77737 [Timer] /Volumes/文件盘/documentBak/idea/me/egg-example/node_modules/egg-multipart/app/schedule/clean_tmpdir.js next time will execute after 21757971ms at 2021-02-26 04:30:00.002
2021-02-25 22:27:22,031 INFO 77737 [Timer] /Volumes/文件盘/documentBak/idea/me/egg-example/node_modules/egg-logrotator/app/schedule/clean_log.js next time will execute after 5557969ms at 2021-02-26 00:00:00.000
2021-02-25 22:27:22,031 INFO 77737 [Timer] /Volumes/文件盘/documentBak/idea/me/egg-example/node_modules/egg-logrotator/app/schedule/rotate_by_file.js next time will execute after 5558969ms at 2021-02-26 00:00:01.000
2021-02-25 22:27:21,908 INFO 77740 [egg-schedule]: register schedule /Volumes/文件盘/documentBak/idea/me/egg-example/node_modules/egg-multipart/app/schedule/clean_tmpdir.js
2021-02-25 22:27:21,908 INFO 77740 [egg-schedule]: register schedule /Volumes/文件盘/documentBak/idea/me/egg-example/node_modules/egg-logrotator/app/schedule/clean_log.js
2021-02-25 22:27:21,908 INFO 77740 [egg-schedule]: register schedule /Volumes/文件盘/documentBak/idea/me/egg-example/node_modules/egg-logrotator/app/schedule/rotate_by_file.js
2021-02-25 22:28:17,592 INFO 77804 [Timer] /Volumes/文件盘/documentBak/idea/me/egg-example/node_modules/egg-multipart/app/schedule/clean_tmpdir.js next time will execute after 21702410ms at 2021-02-26 04:30:00.002
2021-02-25 22:28:17,592 INFO 77804 [Timer] /Volumes/文件盘/documentBak/idea/me/egg-example/node_modules/egg-logrotator/app/schedule/clean_log.js next time will execute after 5502408ms at 2021-02-26 00:00:00.000
2021-02-25 22:28:17,592 INFO 77804 [Timer] /Volumes/文件盘/documentBak/idea/me/egg-example/node_modules/egg-logrotator/app/schedule/rotate_by_file.js next time will execute after 5503408ms at 2021-02-26 00:00:01.000
2021-02-25 22:28:17,473 INFO 77805 [egg-schedule]: register schedule /Volumes/文件盘/documentBak/idea/me/egg-example/node_modules/egg-multipart/app/schedule/clean_tmpdir.js
2021-02-25 22:28:17,473 INFO 77805 [egg-schedule]: register schedule /Volumes/文件盘/documentBak/idea/me/egg-example/node_modules/egg-logrotator/app/schedule/clean_log.js
2021-02-25 22:28:17,473 INFO 77805 [egg-schedule]: register schedule /Volumes/文件盘/documentBak/idea/me/egg-example/node_modules/egg-logrotator/app/schedule/rotate_by_file.js
2021-02-25 22:29:37,119 INFO 77876 [egg-schedule]: register schedule /Volumes/文件盘/documentBak/idea/me/egg-example/node_modules/egg-multipart/app/schedule/clean_tmpdir.js
2021-02-25 22:29:37,119 INFO 77876 [egg-schedule]: register schedule /Volumes/文件盘/documentBak/idea/me/egg-example/node_modules/egg-logrotator/app/schedule/clean_log.js
2021-02-25 22:29:37,119 INFO 77876 [egg-schedule]: register schedule /Volumes/文件盘/documentBak/idea/me/egg-example/node_modules/egg-logrotator/app/schedule/rotate_by_file.js
2021-02-25 22:29:48,042 INFO 77905 [egg-schedule]: register schedule /Volumes/文件盘/documentBak/idea/me/egg-example/node_modules/egg-multipart/app/schedule/clean_tmpdir.js
2021-02-25 22:29:48,042 INFO 77905 [egg-schedule]: register schedule /Volumes/文件盘/documentBak/idea/me/egg-example/node_modules/egg-logrotator/app/schedule/clean_log.js
2021-02-25 22:29:48,042 INFO 77905 [egg-schedule]: register schedule /Volumes/文件盘/documentBak/idea/me/egg-example/node_modules/egg-logrotator/app/schedule/rotate_by_file.js
2021-02-25 22:48:27,194 INFO 79271 [egg-schedule]: register schedule /Volumes/文件盘/documentBak/idea/me/egg-example/node_modules/egg-multipart/app/schedule/clean_tmpdir.js
2021-02-25 22:48:27,194 INFO 79271 [egg-schedule]: register schedule /Volumes/文件盘/documentBak/idea/me/egg-example/node_modules/egg-logrotator/app/schedule/clean_log.js
2021-02-25 22:48:27,194 INFO 79271 [egg-schedule]: register schedule /Volumes/文件盘/documentBak/idea/me/egg-example/node_modules/egg-logrotator/app/schedule/rotate_by_file.js
2021-02-25 22:48:40,145 INFO 79297 [egg-schedule]: register schedule /Volumes/文件盘/documentBak/idea/me/egg-example/node_modules/egg-multipart/app/schedule/clean_tmpdir.js
2021-02-25 22:48:40,145 INFO 79297 [egg-schedule]: register schedule /Volumes/文件盘/documentBak/idea/me/egg-example/node_modules/egg-logrotator/app/schedule/clean_log.js
2021-02-25 22:48:40,145 INFO 79297 [egg-schedule]: register schedule /Volumes/文件盘/documentBak/idea/me/egg-example/node_modules/egg-logrotator/app/schedule/rotate_by_file.js
2021-02-25 22:51:58,259 INFO 79579 [egg-schedule]: register schedule /Volumes/文件盘/documentBak/idea/me/egg-example/node_modules/egg-multipart/app/schedule/clean_tmpdir.js
2021-02-25 22:51:58,259 INFO 79579 [egg-schedule]: register schedule /Volumes/文件盘/documentBak/idea/me/egg-example/node_modules/egg-logrotator/app/schedule/clean_log.js
2021-02-25 22:51:58,259 INFO 79579 [egg-schedule]: register schedule /Volumes/文件盘/documentBak/idea/me/egg-example/node_modules/egg-logrotator/app/schedule/rotate_by_file.js
2021-02-25 22:53:18,745 INFO 79653 [egg-schedule]: register schedule /Volumes/文件盘/documentBak/idea/me/egg-example/node_modules/egg-multipart/app/schedule/clean_tmpdir.js
2021-02-25 22:53:18,745 INFO 79653 [egg-schedule]: register schedule /Volumes/文件盘/documentBak/idea/me/egg-example/node_modules/egg-logrotator/app/schedule/clean_log.js
2021-02-25 22:53:18,745 INFO 79653 [egg-schedule]: register schedule /Volumes/文件盘/documentBak/idea/me/egg-example/node_modules/egg-logrotator/app/schedule/rotate_by_file.js
2021-02-25 22:54:17,786 INFO 79699 [egg-schedule]: register schedule /Volumes/文件盘/documentBak/idea/me/egg-example/node_modules/egg-multipart/app/schedule/clean_tmpdir.js
2021-02-25 22:54:17,786 INFO 79699 [egg-schedule]: register schedule /Volumes/文件盘/documentBak/idea/me/egg-example/node_modules/egg-logrotator/app/schedule/clean_log.js
2021-02-25 22:54:17,786 INFO 79699 [egg-schedule]: register schedule /Volumes/文件盘/documentBak/idea/me/egg-example/node_modules/egg-logrotator/app/schedule/rotate_by_file.js
2021-02-25 22:54:28,381 INFO 79726 [egg-schedule]: register schedule /Volumes/文件盘/documentBak/idea/me/egg-example/node_modules/egg-multipart/app/schedule/clean_tmpdir.js
2021-02-25 22:54:28,381 INFO 79726 [egg-schedule]: register schedule /Volumes/文件盘/documentBak/idea/me/egg-example/node_modules/egg-logrotator/app/schedule/clean_log.js
2021-02-25 22:54:28,381 INFO 79726 [egg-schedule]: register schedule /Volumes/文件盘/documentBak/idea/me/egg-example/node_modules/egg-logrotator/app/schedule/rotate_by_file.js
2021-02-25 22:58:49,313 INFO 79915 [egg-schedule]: register schedule /Volumes/文件盘/documentBak/idea/me/egg-example/node_modules/egg-multipart/app/schedule/clean_tmpdir.js
2021-02-25 22:58:49,313 INFO 79915 [egg-schedule]: register schedule /Volumes/文件盘/documentBak/idea/me/egg-example/node_modules/egg-logrotator/app/schedule/clean_log.js
2021-02-25 22:58:49,313 INFO 79915 [egg-schedule]: register schedule /Volumes/文件盘/documentBak/idea/me/egg-example/node_modules/egg-logrotator/app/schedule/rotate_by_file.js
